0 info it worked if it ends with ok
1 verbose cli [ '/Users/realseanp1/.nvm/versions/node/v6.2.0/bin/node',
1 verbose cli   '/Users/realseanp1/.nvm/versions/node/v6.2.0/bin/npm',
1 verbose cli   'publish' ]
2 info using npm@3.8.9
3 info using node@v6.2.0
4 verbose publish [ '.' ]
5 silly cache add args [ '.', null ]
6 verbose cache add spec .
7 silly cache add parsed spec Result {
7 silly cache add   raw: '.',
7 silly cache add   scope: null,
7 silly cache add   name: null,
7 silly cache add   rawSpec: '.',
7 silly cache add   spec: '/Users/realseanp1/Projects/nameless-js',
7 silly cache add   type: 'directory' }
8 verbose addLocalDirectory /Users/realseanp1/.npm/nameless-js/0.0.3/package.tgz not in flight; packing
9 verbose correctMkdir /Users/realseanp1/.npm correctMkdir not in flight; initializing
10 info lifecycle nameless-js@0.0.3~prepublish: nameless-js@0.0.3
11 verbose lifecycle nameless-js@0.0.3~prepublish: unsafe-perm in lifecycle true
12 verbose lifecycle nameless-js@0.0.3~prepublish: PATH: /Users/realseanp1/.nvm/versions/node/v6.2.0/lib/node_modules/npm/bin/node-gyp-bin:/Users/realseanp1/Projects/nameless-js/node_modules/.bin:/Users/realseanp1/.nvm/versions/node/v6.2.0/bin:/Users/realseanp1/.nvm/versions/node/v6.2.0/bin:/usr/local/bin:/usr/bin:/bin:/usr/sbin:/sbin:/Users/realseanp1/.yarn/bin
13 verbose lifecycle nameless-js@0.0.3~prepublish: CWD: /Users/realseanp1/Projects/nameless-js
14 silly lifecycle nameless-js@0.0.3~prepublish: Args: [ '-c', 'npm run build' ]
15 silly lifecycle nameless-js@0.0.3~prepublish: Returned: code: 0  signal: null
16 verbose tar pack [ '/Users/realseanp1/.npm/nameless-js/0.0.3/package.tgz',
16 verbose tar pack   '/Users/realseanp1/Projects/nameless-js' ]
17 verbose tarball /Users/realseanp1/.npm/nameless-js/0.0.3/package.tgz
18 verbose folder /Users/realseanp1/Projects/nameless-js
19 verbose addLocalTarball adding from inside cache /Users/realseanp1/.npm/nameless-js/0.0.3/package.tgz
20 verbose correctMkdir /Users/realseanp1/.npm correctMkdir not in flight; initializing
21 silly cache afterAdd nameless-js@0.0.3
22 verbose afterAdd /Users/realseanp1/.npm/nameless-js/0.0.3/package/package.json not in flight; writing
23 verbose correctMkdir /Users/realseanp1/.npm correctMkdir not in flight; initializing
24 verbose afterAdd /Users/realseanp1/.npm/nameless-js/0.0.3/package/package.json written
25 silly publish { name: 'nameless-js',
25 silly publish   version: '0.0.3',
25 silly publish   main: './client.js',
25 silly publish   description: 'Nameless is a utility that allows actions to be dispatched from the client that will trigger server side functionality. Useful for updating data on the server using things like Redux.',
25 silly publish   scripts:
25 silly publish    { test: 'echo "Error: no test specified" && exit 1',
25 silly publish      build: 'node ./node_scripts/run-build.js',
25 silly publish      prepublish: 'npm run build' },
25 silly publish   author: { name: 'realseanp' },
25 silly publish   license: 'ISC',
25 silly publish   dependencies: { 'body-parser': '^1.15.2' },
25 silly publish   'jsnext:main': './',
25 silly publish   module: './',
25 silly publish   devDependencies:
25 silly publish    { 'babel-core': '^6.21.0',
25 silly publish      'babel-loader': '^6.2.10',
25 silly publish      'babel-plugin-module-resolver': '^2.4.0',
25 silly publish      'babel-preset-es2015': '^6.18.0',
25 silly publish      'babel-preset-stage-2': '^6.18.0',
25 silly publish      webpack: '^1.14.0',
25 silly publish      'webpack-node-externals': '^1.5.4' },
25 silly publish   keywords: [ 'redux', 'react', 'api', 'redux-api' ],
25 silly publish   readme: '# Nameless JS\n\nNameless is a utility that tries to make server/client communication easier. We dispatch actions to the server via XHR requests that do things we tell it to do then the server responds back to the client with whatever we tell it to send.\n\nNameless was initially built to be used with a Redux app, but you can use it any way you see fit!\n\n```bash\nnpm i --save nameless-js\n```\n```bash\nimport namelessClient from \'nameless-js\';\nimport namelessServer, { createService } from \'nameless-js/server\';\n```\n\nA client side call to the server might look like:\n\n```js\nnameless.exec(\'jobs\', actions.FILTER_JOBS, { /* filters */ }).then(data => /* do something with data. update store ? */ )));\n```\n\n## Getting Started\n\nThe first thing you will want to do is [get Nameless working with your server](read/server.md)\n\n\n',
25 silly publish   readmeFilename: 'README.md',
25 silly publish   gitHead: '089903583c9c2373ef8375e0f78e834ab0c417df',
25 silly publish   _id: 'nameless-js@0.0.3',
25 silly publish   _shasum: '36b8f77133a0c162c1345c41c7332d40decf8031',
25 silly publish   _from: '.' }
26 verbose getPublishConfig undefined
27 silly mapToRegistry name nameless-js
28 silly mapToRegistry using default registry
29 silly mapToRegistry registry https://registry.npmjs.org/
30 silly mapToRegistry data Result {
30 silly mapToRegistry   raw: 'nameless-js',
30 silly mapToRegistry   scope: null,
30 silly mapToRegistry   name: 'nameless-js',
30 silly mapToRegistry   rawSpec: '',
30 silly mapToRegistry   spec: 'latest',
30 silly mapToRegistry   type: 'tag' }
31 silly mapToRegistry uri https://registry.npmjs.org/nameless-js
32 verbose publish registryBase https://registry.npmjs.org/
33 silly publish uploading /Users/realseanp1/.npm/nameless-js/0.0.3/package.tgz
34 verbose request uri https://registry.npmjs.org/nameless-js
35 verbose request sending authorization for write operation
36 info attempt registry request try #1 at 11:37:55 PM
37 verbose request using bearer token for auth
38 verbose request id 3532b8ec92fd95c2
39 http request PUT https://registry.npmjs.org/nameless-js
40 http 403 https://registry.npmjs.org/nameless-js
41 verbose headers { 'content-type': 'application/json',
41 verbose headers   'cache-control': 'max-age=300',
41 verbose headers   'content-length': '95',
41 verbose headers   'accept-ranges': 'bytes',
41 verbose headers   date: 'Tue, 20 Dec 2016 07:37:55 GMT',
41 verbose headers   via: '1.1 varnish',
41 verbose headers   connection: 'keep-alive',
41 verbose headers   'x-served-by': 'cache-sjc3622-SJC',
41 verbose headers   'x-cache': 'MISS',
41 verbose headers   'x-cache-hits': '0',
41 verbose headers   'x-timer': 'S1482219475.407543,VS0,VE87',
41 verbose headers   vary: 'Accept-Encoding' }
42 verbose request invalidating /Users/realseanp1/.npm/registry.npmjs.org/nameless-js on PUT
43 error publish Failed PUT 403
44 verbose stack Error: "You cannot publish over the previously published version 0.0.3." : nameless-js
44 verbose stack     at makeError (/Users/realseanp1/.nvm/versions/node/v6.2.0/lib/node_modules/npm/node_modules/npm-registry-client/lib/request.js:264:12)
44 verbose stack     at CachingRegistryClient.<anonymous> (/Users/realseanp1/.nvm/versions/node/v6.2.0/lib/node_modules/npm/node_modules/npm-registry-client/lib/request.js:252:14)
44 verbose stack     at Request._callback (/Users/realseanp1/.nvm/versions/node/v6.2.0/lib/node_modules/npm/node_modules/npm-registry-client/lib/request.js:172:14)
44 verbose stack     at Request.self.callback (/Users/realseanp1/.nvm/versions/node/v6.2.0/lib/node_modules/npm/node_modules/request/request.js:200:22)
44 verbose stack     at emitTwo (events.js:106:13)
44 verbose stack     at Request.emit (events.js:191:7)
44 verbose stack     at Request.<anonymous> (/Users/realseanp1/.nvm/versions/node/v6.2.0/lib/node_modules/npm/node_modules/request/request.js:1067:10)
44 verbose stack     at emitOne (events.js:101:20)
44 verbose stack     at Request.emit (events.js:188:7)
44 verbose stack     at IncomingMessage.<anonymous> (/Users/realseanp1/.nvm/versions/node/v6.2.0/lib/node_modules/npm/node_modules/request/request.js:988:12)
45 verbose statusCode 403
46 verbose pkgid nameless-js
47 verbose cwd /Users/realseanp1/Projects/nameless-js
48 error Darwin 15.6.0
49 error argv "/Users/realseanp1/.nvm/versions/node/v6.2.0/bin/node" "/Users/realseanp1/.nvm/versions/node/v6.2.0/bin/npm" "publish"
50 error node v6.2.0
51 error npm  v3.8.9
52 error code E403
53 error "You cannot publish over the previously published version 0.0.3." : nameless-js
54 error If you need help, you may report this error at:
54 error     <https://github.com/npm/npm/issues>
55 verbose exit [ 1, true ]
